0 info it worked if it ends with ok
1 verbose cli [ 'node', '/usr/local/bin/npm', 'install', '-g', 'minifier' ]
2 info using npm@2.7.4
3 info using node@v0.12.2
4 silly cache add args [ 'minifier', null ]
5 verbose cache add spec minifier
6 silly cache add parsed spec { raw: 'minifier',
6 silly cache add   scope: null,
6 silly cache add   name: 'minifier',
6 silly cache add   rawSpec: '',
6 silly cache add   spec: '*',
6 silly cache add   type: 'range' }
7 verbose addNamed minifier@*
8 silly addNamed semver.valid null
9 silly addNamed semver.validRange *
10 silly addNameRange { name: 'minifier', range: '*', hasData: false }
11 silly mapToRegistry name minifier
12 silly mapToRegistry using default registry
13 silly mapToRegistry registry https://registry.npmjs.org/
14 silly mapToRegistry uri https://registry.npmjs.org/minifier
15 verbose addNameRange registry:https://registry.npmjs.org/minifier not in flight; fetching
16 verbose request uri https://registry.npmjs.org/minifier
17 verbose request no auth needed
18 info attempt registry request try #1 at 12:08:27
19 verbose request id 5c532996bb961ff8
20 verbose etag "3ZWKLYIH3FRF2UJ0C6SOHS18S"
21 http request GET https://registry.npmjs.org/minifier
22 http 304 https://registry.npmjs.org/minifier
23 silly get cb [ 304,
23 silly get   { date: 'Tue, 16 Jun 2015 19:08:27 GMT',
23 silly get     via: '1.1 varnish',
23 silly get     'cache-control': 'max-age=60',
23 silly get     etag: '"3ZWKLYIH3FRF2UJ0C6SOHS18S"',
23 silly get     age: '0',
23 silly get     connection: 'keep-alive',
23 silly get     'x-served-by': 'cache-sjc3120-SJC',
23 silly get     'x-cache': 'HIT',
23 silly get     'x-cache-hits': '1',
23 silly get     'x-timer': 'S1434481707.140503,VS0,VE36',
23 silly get     vary: 'Accept' } ]
24 verbose etag https://registry.npmjs.org/minifier from cache
25 verbose get saving minifier to /Users/Kam_Louis/.npm/registry.npmjs.org/minifier/.cache.json
26 silly addNameRange number 2 { name: 'minifier', range: '*', hasData: true }
27 silly addNameRange versions [ 'minifier',
27 silly addNameRange   [ '0.4.1',
27 silly addNameRange     '0.4.2',
27 silly addNameRange     '0.4.3',
27 silly addNameRange     '0.4.4',
27 silly addNameRange     '0.4.5',
27 silly addNameRange     '0.4.6',
27 silly addNameRange     '0.5.0',
27 silly addNameRange     '0.6.0',
27 silly addNameRange     '0.6.1',
27 silly addNameRange     '0.6.2' ] ]
28 verbose addNamed minifier@0.6.2
29 silly addNamed semver.valid 0.6.2
30 silly addNamed semver.validRange 0.6.2
31 silly cache afterAdd minifier@0.6.2
32 verbose afterAdd /Users/Kam_Louis/.npm/minifier/0.6.2/package/package.json not in flight; writing
33 verbose afterAdd /Users/Kam_Louis/.npm/minifier/0.6.2/package/package.json written
34 silly install resolved [ { author:
34 silly install resolved      { name: 'Benjamin Horsleben',
34 silly install resolved        email: 'benjamin@fizkerinc.dk',
34 silly install resolved        url: 'http://fizkerinc.dk' },
34 silly install resolved     name: 'minifier',
34 silly install resolved     description: 'A simple tool for minifying CSS/JS without a big setup',
34 silly install resolved     keywords: [ 'javascript js css minify minifier build' ],
34 silly install resolved     version: '0.6.2',
34 silly install resolved     license: 'WTFPL',
34 silly install resolved     main: 'index.js',
34 silly install resolved     repository: { type: 'git', url: 'git://github.com/fizker/minifier.git' },
34 silly install resolved     bugs: { url: 'https://github.com/fizker/minifier/issues' },
34 silly install resolved     dependencies:
34 silly install resolved      { commander: '~1.3.2',
34 silly install resolved        'css-resolve-import': '~0.0.3',
34 silly install resolved        fmerge: '^1.2.0',
34 silly install resolved        glob: '~3.2.9',
34 silly install resolved        'hogan.js': '~2.0.0',
34 silly install resolved        sqwish: '~0.2.2',
34 silly install resolved        'uglify-js': '~2.4.13' },
34 silly install resolved     bin: { minify: 'index.js' },
34 silly install resolved     scripts: { test: 'mocha' },
34 silly install resolved     devDependencies:
34 silly install resolved      { mocha: '1.18.2 - 1.x',
34 silly install resolved        chai: '1.9.1 - 1.x',
34 silly install resolved        fzkes: '~0.13.0',
34 silly install resolved        'finc-chai-helpers': '~0.1.0' },
34 silly install resolved     optionalDependencies: {},
34 silly install resolved     engines: { node: '~0.10.0' },
34 silly install resolved     gitHead: '02796540ce2ce8a189176c09a85c7d9e8dfcd85a',
34 silly install resolved     homepage: 'https://github.com/fizker/minifier',
34 silly install resolved     _id: 'minifier@0.6.2',
34 silly install resolved     _shasum: 'fd521a5684e9b6aeb7ab2545792807ae721fbb57',
34 silly install resolved     _from: 'minifier@*',
34 silly install resolved     _npmVersion: '1.4.28',
34 silly install resolved     _npmUser: { name: 'fizker', email: 'benjamin@fizkerinc.dk' },
34 silly install resolved     maintainers: [ [Object] ],
34 silly install resolved     dist:
34 silly install resolved      { shasum: 'fd521a5684e9b6aeb7ab2545792807ae721fbb57',
34 silly install resolved        tarball: 'http://registry.npmjs.org/minifier/-/minifier-0.6.2.tgz' },
34 silly install resolved     directories: {},
34 silly install resolved     _resolved: 'https://registry.npmjs.org/minifier/-/minifier-0.6.2.tgz',
34 silly install resolved     readme: 'ERROR: No README data found!' } ]
35 info install minifier@0.6.2 into /usr/local/lib
36 info installOne minifier@0.6.2
37 verbose installOne of minifier to /usr/local/lib not in flight; installing
38 verbose lock using /Users/Kam_Louis/.npm/_locks/minifier-b37bf68865cb33f4.lock for /usr/local/lib/node_modules/minifier
39 warn engine minifier@0.6.2: wanted: {"node":"~0.10.0"} (current: {"node":"0.12.2","npm":"2.7.4"})
40 silly install write writing minifier 0.6.2 to /usr/local/lib/node_modules/minifier
41 silly cache addNamed cb minifier@0.6.2
42 verbose unbuild lib/node_modules/minifier
43 silly gentlyRm /usr/local/lib/node_modules/minifier is being purged from base /usr/local
44 verbose gentlyRm don't care about contents; nuking /usr/local/lib/node_modules/minifier
45 verbose tar unpack /Users/Kam_Louis/.npm/minifier/0.6.2/package.tgz
46 verbose tar unpacking to /usr/local/lib/node_modules/minifier
47 silly gentlyRm /usr/local/lib/node_modules/minifier is being purged
48 verbose gentlyRm don't care about contents; nuking /usr/local/lib/node_modules/minifier
49 silly gunzTarPerm modes [ '755', '644' ]
50 error tar.unpack untar error /Users/Kam_Louis/.npm/minifier/0.6.2/package.tgz
51 verbose unlock done using /Users/Kam_Louis/.npm/_locks/minifier-b37bf68865cb33f4.lock for /usr/local/lib/node_modules/minifier
52 verbose fstream_path /usr/local/lib/node_modules/minifier
53 verbose fstream_type Directory
54 verbose fstream_class DirWriter
55 verbose stack Error: EACCES, mkdir '/usr/local/lib/node_modules/minifier'
55 verbose stack     at Error (native)
56 verbose fstream_stack /usr/local/lib/node_modules/npm/node_modules/fstream/lib/dir-writer.js:36:23
56 verbose fstream_stack /usr/local/lib/node_modules/npm/node_modules/mkdirp/index.js:46:53
56 verbose fstream_stack FSReqWrap.oncomplete (fs.js:95:15)
57 verbose cwd /Applications/AMPPS/www/kaishi.com/css
58 error Darwin 14.3.0
59 error argv "node" "/usr/local/bin/npm" "install" "-g" "minifier"
60 error node v0.12.2
61 error npm  v2.7.4
62 error path /usr/local/lib/node_modules/minifier
63 error code EACCES
64 error errno -13
65 error Error: EACCES, mkdir '/usr/local/lib/node_modules/minifier'
65 error     at Error (native)
65 error  { [Error: EACCES, mkdir '/usr/local/lib/node_modules/minifier']
65 error   errno: -13,
65 error   code: 'EACCES',
65 error   path: '/usr/local/lib/node_modules/minifier',
65 error   fstream_type: 'Directory',
65 error   fstream_path: '/usr/local/lib/node_modules/minifier',
65 error   fstream_class: 'DirWriter',
65 error   fstream_stack:
65 error    [ '/usr/local/lib/node_modules/npm/node_modules/fstream/lib/dir-writer.js:36:23',
65 error      '/usr/local/lib/node_modules/npm/node_modules/mkdirp/index.js:46:53',
65 error      'FSReqWrap.oncomplete (fs.js:95:15)' ] }
66 error Please try running this command again as root/Administrator.
67 verbose exit [ -13, true ]
68 verbose unbuild lib/node_modules/minifier
69 silly gentlyRm /usr/local/lib/node_modules/minifier is being purged from base /usr/local
70 verbose gentlyRm don't care about contents; nuking /usr/local/lib/node_modules/minifier
